Using pre-set license
Built from '2020.2/release' branch; Version is '2020.2.2f1 (068178b99f32) revision 426360'; Using compiler version '192528614'; Build Type 'Release'
OS: 'Windows 10 Enterprise 2016 LTSB; OS build 14393.4283; Version 1607; 64bit' Language: 'ru' Physical Memory: 16365 MB
BatchMode: 1, IsHumanControllingUs: 0, StartBugReporterOnCrash: 0, Is64bit: 1, IsPro: 0

 COMMAND LINE ARGUMENTS:
C:\Program Files\Unity\Hub\Editor\2020.2.2f1\Editor\Unity.exe
-adb2
-batchMode
-noUpm
-name
AssetImportWorker0
-projectPath
P:/Unity_Asset/ijunior_baseLevel/NewPath_05HomeWork/NewHomeAlarmSystem/NewHomeAlarmSystem
-logFile
Logs/AssetImportWorker0.log
-srvPort
54976
Successfully changed project path to: P:/Unity_Asset/ijunior_baseLevel/NewPath_05HomeWork/NewHomeAlarmSystem/NewHomeAlarmSystem
P:/Unity_Asset/ijunior_baseLevel/NewPath_05HomeWork/NewHomeAlarmSystem/NewHomeAlarmSystem
Using Asset Import Pipeline V2.
Refreshing native plugins compatible for Editor in 62.80 ms, found 1 plugins.
Preloading 0 native plugins for Editor in 0.00 ms.
Initialize engine version: 2020.2.2f1 (068178b99f32)
[Subsystems] Discovering subsystems at path C:/Program Files/Unity/Hub/Editor/2020.2.2f1/Editor/Data/Resources/UnitySubsystems
[Subsystems] Discovering subsystems at path P:/Unity_Asset/ijunior_baseLevel/NewPath_05HomeWork/NewHomeAlarmSystem/NewHomeAlarmSystem/Assets
GfxDevice: creating device client; threaded=0
Direct3D:
    Version:  Direct3D 11.0 [level 11.1]
    Renderer: NVIDIA GeForce GTX 1070 (ID=0x1b81)
    Vendor:   
    VRAM:     8092 MB
    Driver:   27.21.14.6192
Initialize mono
Mono path[0] = 'C:/Program Files/Unity/Hub/Editor/2020.2.2f1/Editor/Data/Managed'
Mono path[1] = 'C:/Program Files/Unity/Hub/Editor/2020.2.2f1/Editor/Data/MonoBleedingEdge/lib/mono/unityjit'
Mono config path = 'C:/Program Files/Unity/Hub/Editor/2020.2.2f1/Editor/Data/MonoBleedingEdge/etc'
Using monoOptions --debugger-agent=transport=dt_socket,embedding=1,server=y,suspend=n,address=127.0.0.1:56572
Begin MonoManager ReloadAssembly
Registering precompiled unity dll's ...
Register platform support module: C:/Program Files/Unity/Hub/Editor/2020.2.2f1/Editor/Data/PlaybackEngines/WebGLSupport/UnityEditor.WebGL.Extensions.dll
Register platform support module: C:/Program Files/Unity/Hub/Editor/2020.2.2f1/Editor/Data/PlaybackEngines/WindowsStandaloneSupport/UnityEditor.WindowsStandalone.Extensions.dll
Registered in 0.004390 seconds.
Native extension for WindowsStandalone target not found
Native extension for WebGL target not found
Refreshing native plugins compatible for Editor in 76.19 ms, found 1 plugins.
Preloading 0 native plugins for Editor in 0.00 ms.
Invoked RoslynAnalysisRunner static constructor.
RoslynAnalysisRunner will not be running.
RoslynAnalysisRunner has terminated.
Mono: successfully reloaded assembly
- Completed reload, in  5.284 seconds
Platform modules already initialized, skipping
Registering precompiled user dll's ...
Registered in 0.002473 seconds.
Begin MonoManager ReloadAssembly
Native extension for WindowsStandalone target not found
Native extension for WebGL target not found
Refreshing native plugins compatible for Editor in 66.98 ms, found 1 plugins.
Preloading 0 native plugins for Editor in 0.00 ms.
Invoked RoslynAnalysisRunner static constructor.
RoslynAnalysisRunner will not be running.
RoslynAnalysisRunner has terminated.
Mono: successfully reloaded assembly
- Completed reload, in  1.733 seconds
Platform modules already initialized, skipping
========================================================================
Worker process is ready to serve import requests
Launched and connected shader compiler UnityShaderCompiler.exe after 0.07 seconds
Refreshing native plugins compatible for Editor in 0.58 ms, found 1 plugins.
Preloading 0 native plugins for Editor in 0.00 ms.
Unloading 1800 Unused Serialized files (Serialized files now loaded: 0)
System memory in use before: 85.1 MB.
System memory in use after: 85.1 MB.

Unloading 19 unused Assets to reduce memory usage. Loaded Objects now: 2247.
Total: 2.966800 ms (FindLiveObjects: 0.255163 ms CreateObjectMapping: 0.105067 ms MarkObjects: 2.477186 ms  DeleteObjects: 0.126681 ms)

========================================================================
Received Import Request.
  path: Assets/Scripts/Alarm/FadeInOutVolume.cs
  artifactKey: Guid(7eae4ed67c827b241b1800fc99e3aa96) Importer(815301076,1909f56bfc062723c751e8b465ee728b)
Start importing Assets/Scripts/Alarm/FadeInOutVolume.cs using Guid(7eae4ed67c827b241b1800fc99e3aa96) Importer(815301076,1909f56bfc062723c751e8b465ee728b)  -> (artifact id: '364a1a9e3752a30116183fb4e724689a') in 0.077781 seconds
  Import took 0.082320 seconds .

========================================================================
Received Prepare
Registering precompiled user dll's ...
Registered in 0.002400 seconds.
Begin MonoManager ReloadAssembly
Native extension for WindowsStandalone target not found
Native extension for WebGL target not found
Refreshing native plugins compatible for Editor in 0.60 ms, found 1 plugins.
Preloading 0 native plugins for Editor in 0.00 ms.
Invoked RoslynAnalysisRunner static constructor.
RoslynAnalysisRunner will not be running.
RoslynAnalysisRunner has terminated.
Mono: successfully reloaded assembly
- Completed reload, in  1.293 seconds
Platform modules already initialized, skipping
Refreshing native plugins compatible for Editor in 0.49 ms, found 1 plugins.
Preloading 0 native plugins for Editor in 0.00 ms.
Unloading 1790 Unused Serialized files (Serialized files now loaded: 0)
System memory in use before: 84.7 MB.
System memory in use after: 84.9 MB.

Unloading 7 unused Assets to reduce memory usage. Loaded Objects now: 2250.
Total: 2.171891 ms (FindLiveObjects: 0.178314 ms CreateObjectMapping: 0.076249 ms MarkObjects: 1.888509 ms  DeleteObjects: 0.026717 ms)

========================================================================
Received Prepare
Registering precompiled user dll's ...
Registered in 0.001686 seconds.
Begin MonoManager ReloadAssembly
Native extension for WindowsStandalone target not found
Native extension for WebGL target not found
Refreshing native plugins compatible for Editor in 0.49 ms, found 1 plugins.
Preloading 0 native plugins for Editor in 0.00 ms.
Invoked RoslynAnalysisRunner static constructor.
RoslynAnalysisRunner will not be running.
RoslynAnalysisRunner has terminated.
Mono: successfully reloaded assembly
- Completed reload, in  1.273 seconds
Platform modules already initialized, skipping
Refreshing native plugins compatible for Editor in 0.52 ms, found 1 plugins.
Preloading 0 native plugins for Editor in 0.00 ms.
Unloading 1790 Unused Serialized files (Serialized files now loaded: 0)
System memory in use before: 84.9 MB.
System memory in use after: 85.0 MB.

Unloading 7 unused Assets to reduce memory usage. Loaded Objects now: 2253.
Total: 2.204912 ms (FindLiveObjects: 0.184918 ms CreateObjectMapping: 0.067843 ms MarkObjects: 1.923932 ms  DeleteObjects: 0.026117 ms)

========================================================================
Received Prepare
Registering precompiled user dll's ...
Registered in 0.001459 seconds.
Begin MonoManager ReloadAssembly
Native extension for WindowsStandalone target not found
Native extension for WebGL target not found
Refreshing native plugins compatible for Editor in 0.49 ms, found 1 plugins.
Preloading 0 native plugins for Editor in 0.00 ms.
Invoked RoslynAnalysisRunner static constructor.
RoslynAnalysisRunner will not be running.
RoslynAnalysisRunner has terminated.
Mono: successfully reloaded assembly
- Completed reload, in  1.203 seconds
Platform modules already initialized, skipping
Refreshing native plugins compatible for Editor in 0.53 ms, found 1 plugins.
Preloading 0 native plugins for Editor in 0.00 ms.
Unloading 1790 Unused Serialized files (Serialized files now loaded: 0)
System memory in use before: 85.0 MB.
System memory in use after: 85.1 MB.

Unloading 7 unused Assets to reduce memory usage. Loaded Objects now: 2256.
Total: 6.045571 ms (FindLiveObjects: 0.568264 ms CreateObjectMapping: 0.136888 ms MarkObjects: 5.307999 ms  DeleteObjects: 0.030319 ms)

========================================================================
Received Prepare
Registering precompiled user dll's ...
Registered in 0.001548 seconds.
Begin MonoManager ReloadAssembly
Native extension for WindowsStandalone target not found
Native extension for WebGL target not found
Refreshing native plugins compatible for Editor in 0.51 ms, found 1 plugins.
Preloading 0 native plugins for Editor in 0.00 ms.
Invoked RoslynAnalysisRunner static constructor.
RoslynAnalysisRunner will not be running.
RoslynAnalysisRunner has terminated.
Mono: successfully reloaded assembly
- Completed reload, in  1.341 seconds
Platform modules already initialized, skipping
Refreshing native plugins compatible for Editor in 0.47 ms, found 1 plugins.
Preloading 0 native plugins for Editor in 0.00 ms.
Unloading 1790 Unused Serialized files (Serialized files now loaded: 0)
System memory in use before: 85.1 MB.
System memory in use after: 85.2 MB.

Unloading 7 unused Assets to reduce memory usage. Loaded Objects now: 2259.
Total: 2.080632 ms (FindLiveObjects: 0.198727 ms CreateObjectMapping: 0.068744 ms MarkObjects: 1.787945 ms  DeleteObjects: 0.023715 ms)

========================================================================
Received Prepare
Registering precompiled user dll's ...
Registered in 0.003082 seconds.
Begin MonoManager ReloadAssembly
Native extension for WindowsStandalone target not found
Native extension for WebGL target not found
Refreshing native plugins compatible for Editor in 0.47 ms, found 1 plugins.
Preloading 0 native plugins for Editor in 0.00 ms.
Invoked RoslynAnalysisRunner static constructor.
RoslynAnalysisRunner will not be running.
RoslynAnalysisRunner has terminated.
Mono: successfully reloaded assembly
- Completed reload, in  1.300 seconds
Platform modules already initialized, skipping
Refreshing native plugins compatible for Editor in 0.53 ms, found 1 plugins.
Preloading 0 native plugins for Editor in 0.00 ms.
Unloading 1790 Unused Serialized files (Serialized files now loaded: 0)
System memory in use before: 85.2 MB.
System memory in use after: 85.3 MB.

Unloading 7 unused Assets to reduce memory usage. Loaded Objects now: 2262.
Total: 3.624521 ms (FindLiveObjects: 0.216739 ms CreateObjectMapping: 0.079551 ms MarkObjects: 3.300313 ms  DeleteObjects: 0.026117 ms)

========================================================================
Received Import Request.
  Time since last request: 2233.545426 seconds.
  path: Assets/Scripts/Alarm/FadeInOutVolume.cs
  artifactKey: Guid(7eae4ed67c827b241b1800fc99e3aa96) Importer(815301076,1909f56bfc062723c751e8b465ee728b)
Start importing Assets/Scripts/Alarm/FadeInOutVolume.cs using Guid(7eae4ed67c827b241b1800fc99e3aa96) Importer(815301076,1909f56bfc062723c751e8b465ee728b)  -> (artifact id: 'fd9234646d6c19c34511e463e4d7c08c') in 0.007697 seconds
  Import took 0.012148 seconds .

========================================================================
Received Import Request.
  Time since last request: 0.002131 seconds.
  path: Assets/Scripts/Alarm/FadeInOutVolume.cs
  artifactKey: Guid(7eae4ed67c827b241b1800fc99e3aa96) Importer(815301076,1909f56bfc062723c751e8b465ee728b)
Start importing Assets/Scripts/Alarm/FadeInOutVolume.cs using Guid(7eae4ed67c827b241b1800fc99e3aa96) Importer(815301076,1909f56bfc062723c751e8b465ee728b)  -> (artifact id: 'fd9234646d6c19c34511e463e4d7c08c') in 0.002532 seconds
  Import took 0.006256 seconds .

========================================================================
Received Prepare
Registering precompiled user dll's ...
Registered in 0.001655 seconds.
Begin MonoManager ReloadAssembly
Native extension for WindowsStandalone target not found
Native extension for WebGL target not found
Refreshing native plugins compatible for Editor in 0.48 ms, found 1 plugins.
Preloading 0 native plugins for Editor in 0.00 ms.
Invoked RoslynAnalysisRunner static constructor.
RoslynAnalysisRunner will not be running.
RoslynAnalysisRunner has terminated.
Mono: successfully reloaded assembly
- Completed reload, in  1.166 seconds
Platform modules already initialized, skipping
Refreshing native plugins compatible for Editor in 0.47 ms, found 1 plugins.
Preloading 0 native plugins for Editor in 0.00 ms.
Unloading 1790 Unused Serialized files (Serialized files now loaded: 0)
System memory in use before: 85.3 MB.
System memory in use after: 85.4 MB.

Unloading 7 unused Assets to reduce memory usage. Loaded Objects now: 2265.
Total: 2.196506 ms (FindLiveObjects: 0.180716 ms CreateObjectMapping: 0.066042 ms MarkObjects: 1.919729 ms  DeleteObjects: 0.020413 ms)

========================================================================
Received Prepare
Registering precompiled user dll's ...
Registered in 0.001644 seconds.
Begin MonoManager ReloadAssembly
Native extension for WindowsStandalone target not found
Native extension for WebGL target not found
Refreshing native plugins compatible for Editor in 0.52 ms, found 1 plugins.
Preloading 0 native plugins for Editor in 0.00 ms.
Invoked RoslynAnalysisRunner static constructor.
RoslynAnalysisRunner will not be running.
RoslynAnalysisRunner has terminated.
Mono: successfully reloaded assembly
- Completed reload, in  1.162 seconds
Platform modules already initialized, skipping
Refreshing native plugins compatible for Editor in 0.48 ms, found 1 plugins.
Preloading 0 native plugins for Editor in 0.00 ms.
Unloading 1790 Unused Serialized files (Serialized files now loaded: 0)
System memory in use before: 85.4 MB.
System memory in use after: 85.5 MB.

Unloading 7 unused Assets to reduce memory usage. Loaded Objects now: 2268.
Total: 2.173992 ms (FindLiveObjects: 0.164806 ms CreateObjectMapping: 0.067843 ms MarkObjects: 1.923332 ms  DeleteObjects: 0.016811 ms)

========================================================================
Received Prepare
Registering precompiled user dll's ...
Registered in 0.001580 seconds.
Begin MonoManager ReloadAssembly
Native extension for WindowsStandalone target not found
Native extension for WebGL target not found
Refreshing native plugins compatible for Editor in 0.47 ms, found 1 plugins.
Preloading 0 native plugins for Editor in 0.00 ms.
Invoked RoslynAnalysisRunner static constructor.
RoslynAnalysisRunner will not be running.
RoslynAnalysisRunner has terminated.
Mono: successfully reloaded assembly
- Completed reload, in  1.210 seconds
Platform modules already initialized, skipping
Refreshing native plugins compatible for Editor in 0.48 ms, found 1 plugins.
Preloading 0 native plugins for Editor in 0.00 ms.
Unloading 1790 Unused Serialized files (Serialized files now loaded: 0)
System memory in use before: 85.5 MB.
System memory in use after: 85.6 MB.

Unloading 7 unused Assets to reduce memory usage. Loaded Objects now: 2271.
Total: 2.500301 ms (FindLiveObjects: 0.196926 ms CreateObjectMapping: 0.072647 ms MarkObjects: 2.204011 ms  DeleteObjects: 0.025516 ms)

========================================================================
Received Import Request.
  Time since last request: 257.782762 seconds.
  path: Assets/Scripts/Player/Player.cs
  artifactKey: Guid(f2bed974f39eccd49ad94fce074c40e7) Importer(815301076,1909f56bfc062723c751e8b465ee728b)
Start importing Assets/Scripts/Player/Player.cs using Guid(f2bed974f39eccd49ad94fce074c40e7) Importer(815301076,1909f56bfc062723c751e8b465ee728b)  -> (artifact id: 'fd820fcadf230cc4f810d2b538201171') in 0.006664 seconds
  Import took 0.009864 seconds .

========================================================================
Received Prepare
Registering precompiled user dll's ...
Registered in 0.001544 seconds.
Begin MonoManager ReloadAssembly
Native extension for WindowsStandalone target not found
Native extension for WebGL target not found
Refreshing native plugins compatible for Editor in 0.49 ms, found 1 plugins.
Preloading 0 native plugins for Editor in 0.00 ms.
Invoked RoslynAnalysisRunner static constructor.
RoslynAnalysisRunner will not be running.
RoslynAnalysisRunner has terminated.
Mono: successfully reloaded assembly
- Completed reload, in  1.114 seconds
Platform modules already initialized, skipping
Refreshing native plugins compatible for Editor in 0.46 ms, found 1 plugins.
Preloading 0 native plugins for Editor in 0.00 ms.
Unloading 1790 Unused Serialized files (Serialized files now loaded: 0)
System memory in use before: 85.6 MB.
System memory in use after: 85.8 MB.

Unloading 7 unused Assets to reduce memory usage. Loaded Objects now: 2274.
Total: 2.102846 ms (FindLiveObjects: 0.166907 ms CreateObjectMapping: 0.066643 ms MarkObjects: 1.840478 ms  DeleteObjects: 0.027918 ms)

========================================================================
Received Import Request.
  Time since last request: 10.656368 seconds.
  path: Assets/Scripts/Player/Player.cs
  artifactKey: Guid(f2bed974f39eccd49ad94fce074c40e7) Importer(815301076,1909f56bfc062723c751e8b465ee728b)
Start importing Assets/Scripts/Player/Player.cs using Guid(f2bed974f39eccd49ad94fce074c40e7) Importer(815301076,1909f56bfc062723c751e8b465ee728b)  -> (artifact id: 'df5a007aa9adb032887bb7889e0ad3a9') in 0.006708 seconds
  Import took 0.010076 seconds .

========================================================================
Received Prepare
Registering precompiled user dll's ...
Registered in 0.001510 seconds.
Begin MonoManager ReloadAssembly
Native extension for WindowsStandalone target not found
Native extension for WebGL target not found
Refreshing native plugins compatible for Editor in 0.52 ms, found 1 plugins.
Preloading 0 native plugins for Editor in 0.00 ms.
Invoked RoslynAnalysisRunner static constructor.
RoslynAnalysisRunner will not be running.
RoslynAnalysisRunner has terminated.
Mono: successfully reloaded assembly
- Completed reload, in  1.092 seconds
Platform modules already initialized, skipping
Refreshing native plugins compatible for Editor in 0.47 ms, found 1 plugins.
Preloading 0 native plugins for Editor in 0.00 ms.
Unloading 1790 Unused Serialized files (Serialized files now loaded: 0)
System memory in use before: 85.8 MB.
System memory in use after: 85.9 MB.

Unloading 7 unused Assets to reduce memory usage. Loaded Objects now: 2277.
Total: 2.179095 ms (FindLiveObjects: 0.203230 ms CreateObjectMapping: 0.066342 ms MarkObjects: 1.876201 ms  DeleteObjects: 0.032421 ms)

========================================================================
Received Prepare
Registering precompiled user dll's ...
Registered in 0.001520 seconds.
Begin MonoManager ReloadAssembly
Native extension for WindowsStandalone target not found
Native extension for WebGL target not found
Refreshing native plugins compatible for Editor in 0.57 ms, found 1 plugins.
Preloading 0 native plugins for Editor in 0.00 ms.
Invoked RoslynAnalysisRunner static constructor.
RoslynAnalysisRunner will not be running.
RoslynAnalysisRunner has terminated.
Mono: successfully reloaded assembly
- Completed reload, in  1.207 seconds
Platform modules already initialized, skipping
Refreshing native plugins compatible for Editor in 0.49 ms, found 1 plugins.
Preloading 0 native plugins for Editor in 0.00 ms.
Unloading 1790 Unused Serialized files (Serialized files now loaded: 0)
System memory in use before: 85.9 MB.
System memory in use after: 86.0 MB.

Unloading 7 unused Assets to reduce memory usage. Loaded Objects now: 2280.
Total: 2.149376 ms (FindLiveObjects: 0.190322 ms CreateObjectMapping: 0.066943 ms MarkObjects: 1.873199 ms  DeleteObjects: 0.017411 ms)

========================================================================
Received Prepare
Registering precompiled user dll's ...
Registered in 0.001823 seconds.
Begin MonoManager ReloadAssembly
Native extension for WindowsStandalone target not found
Native extension for WebGL target not found
Refreshing native plugins compatible for Editor in 0.60 ms, found 1 plugins.
Preloading 0 native plugins for Editor in 0.00 ms.
Invoked RoslynAnalysisRunner static constructor.
RoslynAnalysisRunner will not be running.
RoslynAnalysisRunner has terminated.
Mono: successfully reloaded assembly
- Completed reload, in  1.328 seconds
Platform modules already initialized, skipping
Refreshing native plugins compatible for Editor in 0.49 ms, found 1 plugins.
Preloading 0 native plugins for Editor in 0.00 ms.
Unloading 1790 Unused Serialized files (Serialized files now loaded: 0)
System memory in use before: 86.0 MB.
System memory in use after: 86.1 MB.

Unloading 7 unused Assets to reduce memory usage. Loaded Objects now: 2283.
Total: 2.163185 ms (FindLiveObjects: 0.175612 ms CreateObjectMapping: 0.158201 ms MarkObjects: 1.790647 ms  DeleteObjects: 0.037524 ms)

========================================================================
Received Import Request.
  Time since last request: 199.890289 seconds.
  path: Assets/Scripts/Enemies/MovementToPath.cs
  artifactKey: Guid(c6211ccf88042c04fad7e243d332b288) Importer(815301076,1909f56bfc062723c751e8b465ee728b)
Start importing Assets/Scripts/Enemies/MovementToPath.cs using Guid(c6211ccf88042c04fad7e243d332b288) Importer(815301076,1909f56bfc062723c751e8b465ee728b)  -> (artifact id: '750d0e63edcedf36c849a31bfb7876b3') in 0.006679 seconds
  Import took 0.010119 seconds .

========================================================================
Received Import Request.
  Time since last request: 0.075150 seconds.
  path: Assets/Scripts/Enemies/MovementToPath.cs
  artifactKey: Guid(c6211ccf88042c04fad7e243d332b288) Importer(815301076,1909f56bfc062723c751e8b465ee728b)
Start importing Assets/Scripts/Enemies/MovementToPath.cs using Guid(c6211ccf88042c04fad7e243d332b288) Importer(815301076,1909f56bfc062723c751e8b465ee728b)  -> (artifact id: '750d0e63edcedf36c849a31bfb7876b3') in 0.003737 seconds
  Import took 0.007440 seconds .

========================================================================
Received Prepare
Registering precompiled user dll's ...
Registered in 0.001533 seconds.
Begin MonoManager ReloadAssembly
Native extension for WindowsStandalone target not found
Native extension for WebGL target not found
Refreshing native plugins compatible for Editor in 0.49 ms, found 1 plugins.
Preloading 0 native plugins for Editor in 0.00 ms.
Invoked RoslynAnalysisRunner static constructor.
RoslynAnalysisRunner will not be running.
RoslynAnalysisRunner has terminated.
Mono: successfully reloaded assembly
- Completed reload, in  1.130 seconds
Platform modules already initialized, skipping
Refreshing native plugins compatible for Editor in 0.48 ms, found 1 plugins.
Preloading 0 native plugins for Editor in 0.00 ms.
Unloading 1790 Unused Serialized files (Serialized files now loaded: 0)
System memory in use before: 86.1 MB.
System memory in use after: 86.2 MB.

Unloading 7 unused Assets to reduce memory usage. Loaded Objects now: 2286.
Total: 2.266451 ms (FindLiveObjects: 0.183718 ms CreateObjectMapping: 0.069044 ms MarkObjects: 1.987873 ms  DeleteObjects: 0.024316 ms)

========================================================================
Received Import Request.
  Time since last request: 101.255242 seconds.
  path: Assets/Scripts/Player/PlayerAnimation.cs
  artifactKey: Guid(f0c3423f001c0f940aa7a04cdbce69c5) Importer(815301076,1909f56bfc062723c751e8b465ee728b)
Start importing Assets/Scripts/Player/PlayerAnimation.cs using Guid(f0c3423f001c0f940aa7a04cdbce69c5) Importer(815301076,1909f56bfc062723c751e8b465ee728b)  -> (artifact id: '4e17582dd40a99820ee5fae02e4a66da') in 0.006951 seconds
  Import took 0.011035 seconds .

========================================================================
Received Import Request.
  Time since last request: 0.000315 seconds.
  path: Assets/Scripts/Player/CreatePlayerOnStart.cs
  artifactKey: Guid(2480362ac5b78324c93612f2d46011b7) Importer(815301076,1909f56bfc062723c751e8b465ee728b)
Start importing Assets/Scripts/Player/CreatePlayerOnStart.cs using Guid(2480362ac5b78324c93612f2d46011b7) Importer(815301076,1909f56bfc062723c751e8b465ee728b)  -> (artifact id: 'd794d91c67154a25141e6f32512d771a') in 0.002898 seconds
  Import took 0.005907 seconds .

========================================================================
Received Prepare
Registering precompiled user dll's ...
Registered in 0.001694 seconds.
Begin MonoManager ReloadAssembly
Native extension for WindowsStandalone target not found
Native extension for WebGL target not found
Refreshing native plugins compatible for Editor in 0.47 ms, found 1 plugins.
Preloading 0 native plugins for Editor in 0.00 ms.
Invoked RoslynAnalysisRunner static constructor.
RoslynAnalysisRunner will not be running.
RoslynAnalysisRunner has terminated.
Mono: successfully reloaded assembly
- Completed reload, in  1.114 seconds
Platform modules already initialized, skipping
Refreshing native plugins compatible for Editor in 0.47 ms, found 1 plugins.
Preloading 0 native plugins for Editor in 0.00 ms.
Unloading 1790 Unused Serialized files (Serialized files now loaded: 0)
System memory in use before: 86.2 MB.
System memory in use after: 86.3 MB.

Unloading 7 unused Assets to reduce memory usage. Loaded Objects now: 2289.
Total: 2.201009 ms (FindLiveObjects: 0.202029 ms CreateObjectMapping: 0.068444 ms MarkObjects: 1.890611 ms  DeleteObjects: 0.031520 ms)

========================================================================
Received Import Request.
  Time since last request: 120.673630 seconds.
  path: Assets/Scripts/Player/PlayerAnimation.cs
  artifactKey: Guid(f0c3423f001c0f940aa7a04cdbce69c5) Importer(815301076,1909f56bfc062723c751e8b465ee728b)
Start importing Assets/Scripts/Player/PlayerAnimation.cs using Guid(f0c3423f001c0f940aa7a04cdbce69c5) Importer(815301076,1909f56bfc062723c751e8b465ee728b)  -> (artifact id: 'd66dc0bc57892dd6253d0ddb73b32902') in 0.007332 seconds
  Import took 0.011590 seconds .

========================================================================
Received Import Request.
  Time since last request: 0.004137 seconds.
  path: Assets/Scripts/Player/PlayerAnimation.cs
  artifactKey: Guid(f0c3423f001c0f940aa7a04cdbce69c5) Importer(815301076,1909f56bfc062723c751e8b465ee728b)
Start importing Assets/Scripts/Player/PlayerAnimation.cs using Guid(f0c3423f001c0f940aa7a04cdbce69c5) Importer(815301076,1909f56bfc062723c751e8b465ee728b)  -> (artifact id: 'd66dc0bc57892dd6253d0ddb73b32902') in 0.003837 seconds
  Import took 0.007416 seconds .

========================================================================
Received Prepare
Registering precompiled user dll's ...
Registered in 0.001581 seconds.
Begin MonoManager ReloadAssembly
Native extension for WindowsStandalone target not found
Native extension for WebGL target not found
Refreshing native plugins compatible for Editor in 0.47 ms, found 1 plugins.
Preloading 0 native plugins for Editor in 0.00 ms.
Invoked RoslynAnalysisRunner static constructor.
RoslynAnalysisRunner will not be running.
RoslynAnalysisRunner has terminated.
Mono: successfully reloaded assembly
- Completed reload, in  1.077 seconds
Platform modules already initialized, skipping
Refreshing native plugins compatible for Editor in 0.47 ms, found 1 plugins.
Preloading 0 native plugins for Editor in 0.00 ms.
Unloading 1790 Unused Serialized files (Serialized files now loaded: 0)
System memory in use before: 86.3 MB.
System memory in use after: 86.4 MB.

Unloading 7 unused Assets to reduce memory usage. Loaded Objects now: 2292.
Total: 2.064422 ms (FindLiveObjects: 0.164505 ms CreateObjectMapping: 0.067543 ms MarkObjects: 1.813761 ms  DeleteObjects: 0.017111 ms)

========================================================================
Received Import Request.
  Time since last request: 108.835648 seconds.
  path: Assets/Scripts/Player/PlayerMovement.cs
  artifactKey: Guid(a333616599df7864eaeca18d7a62d8de) Importer(815301076,1909f56bfc062723c751e8b465ee728b)
Start importing Assets/Scripts/Player/PlayerMovement.cs using Guid(a333616599df7864eaeca18d7a62d8de) Importer(815301076,1909f56bfc062723c751e8b465ee728b)  -> (artifact id: 'a1279e997df454c2773da29590e0397c') in 0.010014 seconds
  Import took 0.014774 seconds .

========================================================================
Received Import Request.
  Time since last request: 0.042010 seconds.
  path: Assets/Scripts/Player/PlayerMovement.cs
  artifactKey: Guid(a333616599df7864eaeca18d7a62d8de) Importer(815301076,1909f56bfc062723c751e8b465ee728b)
Start importing Assets/Scripts/Player/PlayerMovement.cs using Guid(a333616599df7864eaeca18d7a62d8de) Importer(815301076,1909f56bfc062723c751e8b465ee728b)  -> (artifact id: 'a1279e997df454c2773da29590e0397c') in 0.003953 seconds
  Import took 0.011286 seconds .

========================================================================
Received Prepare
Registering precompiled user dll's ...
Registered in 0.001542 seconds.
Begin MonoManager ReloadAssembly
Native extension for WindowsStandalone target not found
Native extension for WebGL target not found
Refreshing native plugins compatible for Editor in 0.48 ms, found 1 plugins.
Preloading 0 native plugins for Editor in 0.00 ms.
Invoked RoslynAnalysisRunner static constructor.
RoslynAnalysisRunner will not be running.
RoslynAnalysisRunner has terminated.
Mono: successfully reloaded assembly
- Completed reload, in  1.144 seconds
Platform modules already initialized, skipping
Refreshing native plugins compatible for Editor in 0.48 ms, found 1 plugins.
Preloading 0 native plugins for Editor in 0.00 ms.
Unloading 1790 Unused Serialized files (Serialized files now loaded: 0)
System memory in use before: 86.4 MB.
System memory in use after: 86.5 MB.

Unloading 7 unused Assets to reduce memory usage. Loaded Objects now: 2295.
Total: 2.319285 ms (FindLiveObjects: 0.328410 ms CreateObjectMapping: 0.097562 ms MarkObjects: 1.865394 ms  DeleteObjects: 0.026117 ms)

========================================================================
Received Prepare
Registering precompiled user dll's ...
Registered in 0.001514 seconds.
Begin MonoManager ReloadAssembly
Native extension for WindowsStandalone target not found
Native extension for WebGL target not found
Refreshing native plugins compatible for Editor in 0.47 ms, found 1 plugins.
Preloading 0 native plugins for Editor in 0.00 ms.
Invoked RoslynAnalysisRunner static constructor.
RoslynAnalysisRunner will not be running.
RoslynAnalysisRunner has terminated.
Mono: successfully reloaded assembly
- Completed reload, in  1.143 seconds
Platform modules already initialized, skipping
Refreshing native plugins compatible for Editor in 0.47 ms, found 1 plugins.
Preloading 0 native plugins for Editor in 0.00 ms.
Unloading 1790 Unused Serialized files (Serialized files now loaded: 0)
System memory in use before: 86.5 MB.
System memory in use after: 86.6 MB.

Unloading 7 unused Assets to reduce memory usage. Loaded Objects now: 2298.
Total: 2.094741 ms (FindLiveObjects: 0.177113 ms CreateObjectMapping: 0.069645 ms MarkObjects: 1.824268 ms  DeleteObjects: 0.022214 ms)

========================================================================
Received Import Request.
  Time since last request: 105.887818 seconds.
  path: Assets/Scripts/Player/PlayerMovement.cs
  artifactKey: Guid(a333616599df7864eaeca18d7a62d8de) Importer(815301076,1909f56bfc062723c751e8b465ee728b)
Start importing Assets/Scripts/Player/PlayerMovement.cs using Guid(a333616599df7864eaeca18d7a62d8de) Importer(815301076,1909f56bfc062723c751e8b465ee728b)  -> (artifact id: '131375ed3fbbded8257a6985a2c65be1') in 0.006305 seconds
  Import took 0.009486 seconds .

========================================================================
Received Prepare
Registering precompiled user dll's ...
Registered in 0.001546 seconds.
Begin MonoManager ReloadAssembly
Native extension for WindowsStandalone target not found
Native extension for WebGL target not found
Refreshing native plugins compatible for Editor in 0.49 ms, found 1 plugins.
Preloading 0 native plugins for Editor in 0.00 ms.
Invoked RoslynAnalysisRunner static constructor.
RoslynAnalysisRunner will not be running.
RoslynAnalysisRunner has terminated.
Mono: successfully reloaded assembly
- Completed reload, in  1.186 seconds
Platform modules already initialized, skipping
Refreshing native plugins compatible for Editor in 0.47 ms, found 1 plugins.
Preloading 0 native plugins for Editor in 0.00 ms.
Unloading 1790 Unused Serialized files (Serialized files now loaded: 0)
System memory in use before: 86.6 MB.
System memory in use after: 86.7 MB.

Unloading 7 unused Assets to reduce memory usage. Loaded Objects now: 2301.
Total: 2.101345 ms (FindLiveObjects: 0.181316 ms CreateObjectMapping: 0.068744 ms MarkObjects: 1.826369 ms  DeleteObjects: 0.023715 ms)

========================================================================
Received Import Request.
  Time since last request: 70.221132 seconds.
  path: Assets/Scripts/CreateObjectOnCircle.cs
  artifactKey: Guid(32bc56d48134c674cb1e39ca11ec73f7) Importer(815301076,1909f56bfc062723c751e8b465ee728b)
Start importing Assets/Scripts/CreateObjectOnCircle.cs using Guid(32bc56d48134c674cb1e39ca11ec73f7) Importer(815301076,1909f56bfc062723c751e8b465ee728b)  -> (artifact id: 'b27239f41da73a4c8db57a7db13fac0c') in 0.006511 seconds
  Import took 0.009881 seconds .

========================================================================
Received Prepare
Registering precompiled user dll's ...
Registered in 0.001630 seconds.
Begin MonoManager ReloadAssembly
Native extension for WindowsStandalone target not found
Native extension for WebGL target not found
Refreshing native plugins compatible for Editor in 0.48 ms, found 1 plugins.
Preloading 0 native plugins for Editor in 0.00 ms.
Invoked RoslynAnalysisRunner static constructor.
RoslynAnalysisRunner will not be running.
RoslynAnalysisRunner has terminated.
Mono: successfully reloaded assembly
- Completed reload, in  1.087 seconds
Platform modules already initialized, skipping
Refreshing native plugins compatible for Editor in 0.47 ms, found 1 plugins.
Preloading 0 native plugins for Editor in 0.00 ms.
Unloading 1790 Unused Serialized files (Serialized files now loaded: 0)
System memory in use before: 86.7 MB.
System memory in use after: 86.8 MB.

Unloading 7 unused Assets to reduce memory usage. Loaded Objects now: 2304.
Total: 2.080032 ms (FindLiveObjects: 0.170509 ms CreateObjectMapping: 0.069044 ms MarkObjects: 1.814962 ms  DeleteObjects: 0.024015 ms)

AssetImportWorkerClient::OnTransportError - code=2 error=End of file
